2023-05-27 11:47:43[ INFO ]>>insert用户插入测试成功
2023-05-27 11:48:21[ INFO ]>>qselectUserInfo用户登录测试成功
2023-05-27 11:48:21[ INFO ]>>queryUserList用户列表查询测试成功
2023-05-27 11:48:58[ INFO ]>>queryUserList用户列表删除测试成功
2023-05-31 14:22:13[ INFO ]>>query项目列表查询测试成功
2023-05-31 14:22:27[ INFO ]>>insert项目插入测试成功
2023-05-31 14:22:38[ ERROR ]>>update项目更新测试失败
2023-05-31 14:22:49[ ERROR ]>>delete项目删除测试失败
2023-05-31 14:23:43[ INFO ]>>update项目更新测试成功
2023-05-31 14:24:02[ INFO ]>>delete项目删除测试成功
2023-06-02 14:43:47[ INFO ]>>delete项目删除测试成功
2023-06-02 14:44:02[ INFO ]>>delete项目删除测试成功
2023-06-06 17:21:23[ INFO ]>>query项目列表查询测试成功
2023-06-06 17:21:23[ ERROR ]>>delete项目删除测试失败
2023-06-06 17:21:23[ INFO ]>>insert项目插入测试成功
2023-06-06 17:21:23[ ERROR ]>>update项目更新测试失败
2023-06-07 15:53:00[ INFO ]>>query项目列表查询测试成功
2023-06-07 15:53:00[ ERROR ]>>delete项目删除测试失败
2023-06-07 15:53:00[ INFO ]>>insert项目插入测试成功
2023-06-07 15:53:00[ ERROR ]>>update项目更新测试失败
2023-06-08 15:03:33[ INFO ]>>query项目列表查询测试成功
2023-06-08 15:03:33[ ERROR ]>>delete项目删除测试失败
2023-06-08 15:03:33[ INFO ]>>insert项目插入测试成功
2023-06-08 15:03:33[ ERROR ]>>update项目更新测试失败
